Determining if the pthread_create exist failed with the following output:
Change Dir: /home/rxth/rakshith/data/work/asu/summer2020/kuka-path-planning-maze/catkin_ws/build/gazebo_grasp_plugin/CMakeFiles/CMakeTmp

Run Build Command:"/usr/bin/make" "cmTC_e4425/fast"
/usr/bin/make -f CMakeFiles/cmTC_e4425.dir/build.make CMakeFiles/cmTC_e4425.dir/build
make[1]: Entering directory '/home/rxth/rakshith/data/work/asu/summer2020/kuka-path-planning-maze/catkin_ws/build/gazebo_grasp_plugin/CMakeFiles/CMakeTmp'
Building C object CMakeFiles/cmTC_e4425.dir/CheckSymbolExists.c.o
/usr/bin/cc    -o CMakeFiles/cmTC_e4425.dir/CheckSymbolExists.c.o   -c /home/rxth/rakshith/data/work/asu/summer2020/kuka-path-planning-maze/catkin_ws/build/gazebo_grasp_plugin/CMakeFiles/CMakeTmp/CheckSymbolExists.c
Linking C executable cmTC_e4425
/usr/bin/cmake -E cmake_link_script CMakeFiles/cmTC_e4425.dir/link.txt --verbose=1
/usr/bin/cc      -rdynamic CMakeFiles/cmTC_e4425.dir/CheckSymbolExists.c.o  -o cmTC_e4425 
CMakeFiles/cmTC_e4425.dir/CheckSymbolExists.c.o: In function `main':
CheckSymbolExists.c:(.text+0x1b): undefined reference to `pthread_create'
collect2: error: ld returned 1 exit status
CMakeFiles/cmTC_e4425.dir/build.make:97: recipe for target 'cmTC_e4425' failed
make[1]: *** [cmTC_e4425] Error 1
make[1]: Leaving directory '/home/rxth/rakshith/data/work/asu/summer2020/kuka-path-planning-maze/catkin_ws/build/gazebo_grasp_plugin/CMakeFiles/CMakeTmp'
Makefile:126: recipe for target 'cmTC_e4425/fast' failed
make: *** [cmTC_e4425/fast] Error 2

File /home/rxth/rakshith/data/work/asu/summer2020/kuka-path-planning-maze/catkin_ws/build/gazebo_grasp_plugin/CMakeFiles/CMakeTmp/CheckSymbolExists.c:
/* */
#include <pthread.h>

int main(int argc, char** argv)
{
  (void)argv;
#ifndef pthread_create
  return ((int*)(&pthread_create))[argc];
#else
  (void)argc;
  return 0;
#endif
}

Determining if the function pthread_create exists in the pthreads failed with the following output:
Change Dir: /home/rxth/rakshith/data/work/asu/summer2020/kuka-path-planning-maze/catkin_ws/build/gazebo_grasp_plugin/CMakeFiles/CMakeTmp

Run Build Command:"/usr/bin/make" "cmTC_211ee/fast"
/usr/bin/make -f CMakeFiles/cmTC_211ee.dir/build.make CMakeFiles/cmTC_211ee.dir/build
make[1]: Entering directory '/home/rxth/rakshith/data/work/asu/summer2020/kuka-path-planning-maze/catkin_ws/build/gazebo_grasp_plugin/CMakeFiles/CMakeTmp'
Building C object CMakeFiles/cmTC_211ee.dir/CheckFunctionExists.c.o
/usr/bin/cc   -DCHECK_FUNCTION_EXISTS=pthread_create   -o CMakeFiles/cmTC_211ee.dir/CheckFunctionExists.c.o   -c /usr/share/cmake-3.10/Modules/CheckFunctionExists.c
Linking C executable cmTC_211ee
/usr/bin/cmake -E cmake_link_script CMakeFiles/cmTC_211ee.dir/link.txt --verbose=1
/usr/bin/cc  -DCHECK_FUNCTION_EXISTS=pthread_create    -rdynamic CMakeFiles/cmTC_211ee.dir/CheckFunctionExists.c.o  -o cmTC_211ee -lpthreads 
/usr/bin/ld: cannot find -lpthreads
collect2: error: ld returned 1 exit status
CMakeFiles/cmTC_211ee.dir/build.make:97: recipe for target 'cmTC_211ee' failed
make[1]: *** [cmTC_211ee] Error 1
make[1]: Leaving directory '/home/rxth/rakshith/data/work/asu/summer2020/kuka-path-planning-maze/catkin_ws/build/gazebo_grasp_plugin/CMakeFiles/CMakeTmp'
Makefile:126: recipe for target 'cmTC_211ee/fast' failed
make: *** [cmTC_211ee/fast] Error 2


